<?xml version="1.0" encoding="utf-8"?><testsuites name="pytest tests"><testsuite name="pytest" errors="0" failures="1" skipped="0" tests="31" time="10.442" timestamp="2026-02-10T11:23:43.229352+00:00" hostname="agent-env-b10de161-607a-480a-acff-cc94859b9054"><testcase classname="tests.test_auth_and_roles.TestAuth" name="test_login_customer_success" time="0.303" /><testcase classname="tests.test_auth_and_roles.TestAuth" name="test_login_merchant_success" time="0.261" /><testcase classname="tests.test_auth_and_roles.TestAuth" name="test_login_agent_success" time="0.262" /><testcase classname="tests.test_auth_and_roles.TestAuth" name="test_login_admin_success" time="0.258" /><testcase classname="tests.test_auth_and_roles.TestAuth" name="test_login_invalid_credentials" time="0.256" /><testcase classname="tests.test_auth_and_roles.TestAuth" name="test_get_me_authenticated" time="0.267" /><testcase classname="tests.test_auth_and_roles.TestAuth" name="test_get_me_unauthenticated" time="0.036" /><testcase classname="tests.test_auth_and_roles.TestAuth" name="test_switch_role" time="0.270" /><testcase classname="tests.test_banners_and_dashboard.TestBannersAndDashboard" name="test_get_banners" time="0.039" /><testcase classname="tests.test_banners_and_dashboard.TestBannersAndDashboard" name="test_customer_dashboard_stats" time="0.272" /><testcase classname="tests.test_banners_and_dashboard.TestBannersAndDashboard" name="test_merchant_dashboard_stats" time="0.263"><failure message="AssertionError: assert 'delivered' in {'active_orders': 0, 'total_orders': 0, 'total_spent': 0}">tests/test_banners_and_dashboard.py:54: in test_merchant_dashboard_stats
    assert "delivered" in data
E   AssertionError: assert 'delivered' in {'active_orders': 0, 'total_orders': 0, 'total_spent': 0}</failure></testcase><testcase classname="tests.test_banners_and_dashboard.TestBannersAndDashboard" name="test_agent_dashboard_stats" time="0.269" /><testcase classname="tests.test_banners_and_dashboard.TestBannersAndDashboard" name="test_admin_dashboard_stats" time="0.264" /><testcase classname="tests.test_cart_and_promotions.TestCartAndPromotions" name="test_get_empty_cart" time="0.324" /><testcase classname="tests.test_cart_and_promotions.TestCartAndPromotions" name="test_add_to_cart" time="0.343" /><testcase classname="tests.test_cart_and_promotions.TestCartAndPromotions" name="test_update_cart_quantity" time="0.351" /><testcase classname="tests.test_cart_and_promotions.TestCartAndPromotions" name="test_promotion_upsell_message" time="0.293" /><testcase classname="tests.test_cart_and_promotions.TestCartAndPromotions" name="test_promotion_gift_eligible" time="0.313" /><testcase classname="tests.test_cart_and_promotions.TestCartAndPromotions" name="test_promotion_free_delivery" time="0.406" /><testcase classname="tests.test_order_flow.TestOrderFlow" name="test_place_order" time="0.383" /><testcase classname="tests.test_order_flow.TestOrderFlow" name="test_get_customer_orders" time="0.264" /><testcase classname="tests.test_order_flow.TestOrderFlow" name="test_merchant_accept_order" time="0.614" /><testcase classname="tests.test_order_flow.TestOrderFlow" name="test_get_available_orders_for_agent" time="0.847" /><testcase classname="tests.test_order_flow.TestOrderFlow" name="test_agent_assign_order" time="0.906" /><testcase classname="tests.test_order_flow.TestOrderFlow" name="test_order_status_transitions" time="0.934" /><testcase classname="tests.test_order_flow.TestOrderFlow" name="test_otp_verification" time="1.084" /><testcase classname="tests.test_stores_and_products.TestStoresAndProducts" name="test_get_stores" time="0.053" /><testcase classname="tests.test_stores_and_products.TestStoresAndProducts" name="test_get_store_by_id" time="0.048" /><testcase classname="tests.test_stores_and_products.TestStoresAndProducts" name="test_get_products" time="0.041" /><testcase classname="tests.test_stores_and_products.TestStoresAndProducts" name="test_get_product_by_id" time="0.056" /><testcase classname="tests.test_stores_and_products.TestStoresAndProducts" name="test_get_products_by_store" time="0.047" /></testsuite></testsuites>